<?xml version="1.0" encoding="UTF-8"?>
<testng-results ignored="0" total="1" passed="1" failed="0" skipped="0">
  <reporter-output>
  </reporter-output>
  <suite started-at="2023-08-31T03:50:07 GMT-04:00" name="Suite" finished-at="2023-08-31T03:50:07 GMT-04:00" duration-ms="70">
    <groups>
      <group name="functional">
        <method signature="Groups1.test3()[pri:0, instance:GROUPS.Groups1@63fdab07]" name="test3" class="GROUPS.Groups1"/>
      </group> <!-- functional -->
      <group name="regression">
        <method signature="Groups1.test3()[pri:0, instance:GROUPS.Groups1@63fdab07]" name="test3" class="GROUPS.Groups1"/>
      </group> <!-- regression -->
    </groups>
    <test started-at="2023-08-31T03:50:07 GMT-04:00" name="Test" finished-at="2023-08-31T03:50:07 GMT-04:00" duration-ms="70">
      <class name="GROUPS.Groups1">
        <test-method signature="test3()[pri:0, instance:GROUPS.Groups1@63fdab07]" started-at="2023-08-31T03:50:07 GMT-04:00" name="test3" finished-at="2023-08-31T03:50:07 GMT-04:00" duration-ms="10" status="PASS">
          <reporter-output>
          </reporter-output>
        </test-method> <!-- test3 -->
      </class> <!-- GROUPS.Groups1 -->
    </test> <!-- Test -->
  </suite> <!-- Suite -->
</testng-results>
