<?xml version="1.0" encoding="UTF-8"?>
<!-- Generated by org.testng.reporters.JUnitXMLReporter -->
<testsuite ignored="2" hostname="niveditha" failures="0" tests="1" name="Test" time="0.07" errors="0" timestamp="2023-08-31T03:50:07 GMT-04:00">
  <testcase classname="GROUPS.Groups1" name="test3" time="0.01"/>
  <testcase classname="GROUPS.Groups1" name="test2" time="0.0">
    <ignored/>
  </testcase> <!-- test2 -->
  <testcase classname="GROUPS.Groups1" name="test1" time="0.0">
    <ignored/>
  </testcase> <!-- test1 -->
</testsuite> <!-- Test -->
