<?xml version="1.0" encoding="UTF-8"?>
<!-- Generated by org.testng.reporters.JUnitXMLReporter -->
<testsuite ignored="0" hostname="niveditha" failures="1" tests="1" name="test_firefox" time="0.151" errors="0" timestamp="2023-08-26T13:47:16 GMT-04:00">
  <testcase classname="PARAMETERS.ParallelExec1" name="test1" time="0.072">
    <failure type="java.lang.IllegalStateException" message="The driver executable does not exist: D:\RCCM Eclipsejava\eclipse-workspace\EveningSelenium\.\software\edgedriver.exe">
      <![CDATA[java.lang.IllegalStateException: The driver executable does not exist: D:\RCCM Eclipsejava\eclipse-workspace\EveningSelenium\.\software\edgedriver.exe
at com.google.common.base.Preconditions.checkState(Preconditions.java:585)
at org.openqa.selenium.remote.service.DriverService.checkExecutable(DriverService.java:146)
at org.openqa.selenium.remote.service.DriverService.findExecutable(DriverService.java:141)
at org.openqa.selenium.edge.EdgeDriverService.access$000(EdgeDriverService.java:37)
at org.openqa.selenium.edge.EdgeDriverService$Builder.findDefaultExecutable(EdgeDriverService.java:90)
at org.openqa.selenium.remote.service.DriverService$Builder.build(DriverService.java:355)
at org.openqa.selenium.edge.EdgeDriverService.createDefaultService(EdgeDriverService.java:70)
at org.openqa.selenium.edge.EdgeDriver.<init>(EdgeDriver.java:96)
at PARAMETERS.ParallelExec1.test1(ParallelExec1.java:22)
at java.base/java.util.ArrayList.forEach(ArrayList.java:1511)
at java.base/java.util.concurrent.FutureTask.run(FutureTask.java:264)
at java.base/java.util.concurrent.ThreadPoolExecutor.runWorker(ThreadPoolExecutor.java:1136)
at java.base/java.util.concurrent.ThreadPoolExecutor$Worker.run(ThreadPoolExecutor.java:635)
at java.base/java.lang.Thread.run(Thread.java:833)
... Removed 17 stack frames]]>
    </failure>
  </testcase> <!-- test1 -->
</testsuite> <!-- test_firefox -->
